open source     > level 1, order 1, name '/usr/share/texmf-dist/tex/context/base/mkiv/cont-yes.mkiv'
system          > 
system          > ConTeXt  ver: 2023.05.05 18:36 MKIV  fmt: 2024.8.11  int: english/english
system          > 
system          > 'cont-new.mkiv' loaded
open source     > level 2, order 2, name '/usr/share/texmf-dist/tex/context/base/mkiv/cont-new.mkiv'
system          > beware: some patches loaded from cont-new.mkiv
close source    > level 2, order 2, name '/usr/share/texmf-dist/tex/context/base/mkiv/cont-new.mkiv'
system          > 'cont-sys.mkiv' loaded
open source     > level 2, order 3, name '/usr/share/texmf-dist/tex/context/texlive/cont-sys.mkiv'
close source    > level 2, order 3, name '/usr/share/texmf-dist/tex/context/texlive/cont-sys.mkiv'
system          > files > jobname 'deutsch-unterricht', input './prd_unterricht', result 'deutsch-unterricht'
fonts           > latin modern fonts are not preloaded
languages       > language 'en' is active
open source     > level 2, order 4, name '/home/niklas/git/lecture_notes/prd_unterricht.tex'
fonts           > preloading latin modern fonts (second stage)
fonts           > 'fallback modern-designsize rm 12pt' is loaded
open source     > level 3, order 5, name 'project_school.tex'
open source     > level 4, order 6, name 'env_school.tex'
close source    > level 4, order 6, name 'env_school.tex'
open source     > level 4, order 7, name 'env_markdown.tex'
modules         > 'filter' is loaded
open source     > level 5, order 8, name '/usr/share/texmf-dist/tex/context/third/filter/t-filter.mkiv'
loading         > Filter (ver: 2021.10.15)
modules         > 'module-catcodes' is loaded
open source     > level 6, order 9, name '/usr/share/texmf-dist/tex/context/third/filter/t-module-catcodes.mkiv'
loading         > Module Catcodes (ver: 2018.04.16)
close source    > level 6, order 9, name '/usr/share/texmf-dist/tex/context/third/filter/t-module-catcodes.mkiv'
close source    > level 5, order 9, name '/usr/share/texmf-dist/tex/context/third/filter/t-filter.mkiv'
close source    > level 4, order 9, name 'env_markdown.tex'
close source    > level 3, order 9, name 'project_school.tex'
open source     > level 3, order 10, name 'env_document.tex'
setup           > error in line 30, namespace 'interactionscreen', key 'nomenubar'
close source    > level 3, order 10, name 'env_document.tex'
structures      > begin of sectionblock 'frontpart'
backend         > xmp > using file '/usr/share/texmf-dist/tex/context/base/mkiv/lpdf-pdx.xml'
pages           > flushing realpage 1, userpage 1, subpage 1
structure       > sectioning > title @ level 2 : 0.0 -> \headtext {content}
structures      > end of sectionblock 'frontpart'
pages           > flushing realpage 2, userpage 2, subpage 2
structures      > begin of sectionblock 'bodypart'

lua error       > lua error on line 69 in file /home/niklas/git/lecture_notes/prd_unterricht.tex:

/usr/share/texmf-dist/tex/context/base/mkiv/l-sandbox.lua:87: cannot open deutsch/unterricht: No such file or directory
stack traceback:
	[C]: in upvalue 'func'
	/usr/share/texmf-dist/tex/context/base/mkiv/l-sandbox.lua:87: in function 'lfs.dir'
	[ctxlua]:4: in function 'include_markdown_files'
	[ctxlua]:3: in main chunk

59     \completecontent
60     \stopfrontmatter
61     
62     % Start page numbering here
63     
64     \startbodymatter
65     
66     \startluacode
67     	local path = tokens.getters.macro(tokens.getters.macro("??variables") .. "notes:path")
68         include_markdown_files(path, "./.pandoc_templates/lecture-notes.context")
69 >>  \stopluacode
70     
71     \stopbodymatter
72     
73     
74     
75     \stoptext
76     \stopproduct
77     

