open source     > level 1, order 1, name '/usr/share/texmf-dist/tex/context/base/mkiv/cont-yes.mkiv'
system          > 
system          > ConTeXt  ver: 2023.05.05 18:36 MKIV  fmt: 2024.8.11  int: english/english
system          > 
system          > 'cont-new.mkiv' loaded
open source     > level 2, order 2, name '/usr/share/texmf-dist/tex/context/base/mkiv/cont-new.mkiv'
system          > beware: some patches loaded from cont-new.mkiv
close source    > level 2, order 2, name '/usr/share/texmf-dist/tex/context/base/mkiv/cont-new.mkiv'
system          > 'cont-sys.mkiv' loaded
open source     > level 2, order 3, name '/usr/share/texmf-dist/tex/context/texlive/cont-sys.mkiv'
close source    > level 2, order 3, name '/usr/share/texmf-dist/tex/context/texlive/cont-sys.mkiv'
system          > files > jobname 'prd_unterricht', input './prd_unterricht', result 'how_unterricht'
fonts           > latin modern fonts are not preloaded
languages       > language 'en' is active
open source     > level 2, order 4, name '/home/niklas/git/lecture_notes/prd_unterricht.tex'
fonts           > preloading latin modern fonts (second stage)
fonts           > 'fallback modern-designsize rm 12pt' is loaded
open source     > level 3, order 5, name 'project_school.tex'
open source     > level 4, order 6, name 'env_00_document.tex'
setup           > error in line 27, namespace 'interactionscreen', key 'nomenubar'
close source    > level 4, order 6, name 'env_00_document.tex'
open source     > level 4, order 7, name 'env_01_farben.tex'
close source    > level 4, order 7, name 'env_01_farben.tex'
open source     > level 4, order 8, name 'env_02_layout.tex'
close source    > level 4, order 8, name 'env_02_layout.tex'
open source     > level 4, order 9, name 'env_03_header_footer_numbers.tex'
close source    > level 4, order 9, name 'env_03_header_footer_numbers.tex'
open source     > level 4, order 10, name 'env_05_heading_toc_ref.tex'
close source    > level 4, order 10, name 'env_05_heading_toc_ref.tex'
open source     > level 4, order 11, name 'env_06_figures_tables.tex'
close source    > level 4, order 11, name 'env_06_figures_tables.tex'
open source     > level 4, order 12, name 'env_07_rahmen.tex'
close source    > level 4, order 12, name 'env_07_rahmen.tex'
open source     > level 4, order 13, name 'env_08_graphics.tex'
close source    > level 4, order 13, name 'env_08_graphics.tex'
open source     > level 4, order 14, name 'env_09_markdown.tex'
modules         > 'filter' is loaded
open source     > level 5, order 15, name '/usr/share/texmf-dist/tex/context/third/filter/t-filter.mkiv'
loading         > Filter (ver: 2021.10.15)
modules         > 'module-catcodes' is loaded
open source     > level 6, order 16, name '/usr/share/texmf-dist/tex/context/third/filter/t-module-catcodes.mkiv'
loading         > Module Catcodes (ver: 2018.04.16)
close source    > level 6, order 16, name '/usr/share/texmf-dist/tex/context/third/filter/t-module-catcodes.mkiv'
close source    > level 5, order 16, name '/usr/share/texmf-dist/tex/context/third/filter/t-filter.mkiv'
close source    > level 4, order 16, name 'env_09_markdown.tex'
close source    > level 3, order 16, name 'project_school.tex'
layouts         > gridmode, noflines: 51, textheight: 725.54532pt, textovershoot: 12.61073pt (maybe set number of lines instead)
backend         > xmp > using file '/usr/share/texmf-dist/tex/context/base/mkiv/lpdf-pdx.xml'
pages           > flushing realpage 1, userpage 1, subpage 1
structure       > sectioning > title @ level 2 : 0.0 -> \headtext {content}
pages           > flushing realpage 2, userpage 2, subpage 2
open source     > level 3, order 17, name '.output_pandoc/01_markdown_syntax-md.tex'
structure       > sectioning > chapter @ level 2 : 0.1 -> Der Komplette mögliche Markdown syntax
structure       > sectioning > section @ level 3 : 0.1.1 -> This is an H2
structure       > sectioning > subsection @ level 4 : 0.1.1.1 -> This is an H3
structure       > sectioning > subsubsection @ level 5 : 0.1.1.1.1 -> This is an H4
structure       > sectioning > subsubsubsection @ level 6 : 0.1.1.1.1.1 -> This is an H5
floatblocks     > '1' placed (here)
setup           > error in line 1, namespace 'xtable', key 'head'
setup           > error in line 2, namespace 'xtable', key 'lastrow'
setup           > error in line 11, namespace 'xtable', key 'body'
setup           > error in line 24, namespace 'xtable', key 'lastrow'
setup           > error in line 33, namespace 'xtable', key 'foot'
setup           > error in line 1, namespace 'xtable', key 'head'
setup           > error in line 2, namespace 'xtable', key 'lastrow'
setup           > error in line 11, namespace 'xtable', key 'body'
setup           > error in line 24, namespace 'xtable', key 'lastrow'
setup           > error in line 33, namespace 'xtable', key 'foot'
setup           > error in line 1, namespace 'xtable', key 'head'
setup           > error in line 2, namespace 'xtable', key 'lastrow'
setup           > error in line 11, namespace 'xtable', key 'body'
setup           > error in line 24, namespace 'xtable', key 'lastrow'
setup           > error in line 33, namespace 'xtable', key 'foot'
floatblocks     > '2' placed (here)
pages           > flushing realpage 3, userpage 3, subpage 3
pages           > flushing realpage 4, userpage 4, subpage 4
close source    > level 3, order 17, name '.output_pandoc/01_markdown_syntax-md.tex'
open source     > level 3, order 18, name '.output_pandoc/02_test_nr_2-md.tex'
structure       > sectioning > chapter @ level 2 : 0.2 -> Ich bin test 2
setup           > error in line 1, namespace 'xtable', key 'head'
setup           > error in line 2, namespace 'xtable', key 'lastrow'
setup           > error in line 9, namespace 'xtable', key 'body'
setup           > error in line 10, namespace 'xtable', key 'lastrow'
setup           > error in line 17, namespace 'xtable', key 'foot'
setup           > error in line 1, namespace 'xtable', key 'head'
setup           > error in line 2, namespace 'xtable', key 'lastrow'
setup           > error in line 9, namespace 'xtable', key 'body'
setup           > error in line 10, namespace 'xtable', key 'lastrow'
setup           > error in line 17, namespace 'xtable', key 'foot'
setup           > error in line 1, namespace 'xtable', key 'head'
setup           > error in line 2, namespace 'xtable', key 'lastrow'
setup           > error in line 9, namespace 'xtable', key 'body'
setup           > error in line 10, namespace 'xtable', key 'lastrow'
setup           > error in line 17, namespace 'xtable', key 'foot'
floatblocks     > '3' placed (here)
pages           > flushing realpage 5, userpage 5, subpage 5
close source    > level 3, order 18, name '.output_pandoc/02_test_nr_2-md.tex'
pages           > flushing realpage 6, userpage 6, subpage 6
close source    > level 2, order 18, name '/home/niklas/git/lecture_notes/prd_unterricht.tex'
close source    > level 1, order 18, name '/usr/share/texmf-dist/tex/context/base/mkiv/cont-yes.mkiv'

system          > start used files

system          > text: prd_unterricht
system          >   product: prd_unterricht
system          >     project: project_school
system          >       environment: env_00_document
system          >       environment: env_01_farben
system          >       environment: env_02_layout
system          >       environment: env_03_header_footer_numbers
system          >       environment: env_05_heading_toc_ref
system          >       environment: env_06_figures_tables
system          >       environment: env_07_rahmen
system          >       environment: env_08_graphics
system          >       environment: env_09_markdown

system          > stop used files


system          > start used files

system          >    1: filename=cont-yes.mkiv filetype=tex foundname=/usr/share/texmf-dist/tex/context/base/mkiv/cont-yes.mkiv fullname=/usr/share/texmf-dist/tex/context/base/mkiv/cont-yes.mkiv usedmethod=database
system          >    2: filename=publ-imp-default.lua filetype=lua foundname=/usr/share/texmf-dist/tex/context/base/mkiv/publ-imp-default.lua fullname=/usr/share/texmf-dist/tex/context/base/mkiv/publ-imp-default.lua usedmethod=database
system          >    3: filename=cont-new.mkiv filetype=tex foundname=/usr/share/texmf-dist/tex/context/base/mkiv/cont-new.mkiv fullname=/usr/share/texmf-dist/tex/context/base/mkiv/cont-new.mkiv usedmethod=database
system          >    4: filename=cont-sys.mkiv filetype=tex foundname=/usr/share/texmf-dist/tex/context/texlive/cont-sys.mkiv fullname=/usr/share/texmf-dist/tex/context/texlive/cont-sys.mkiv usedmethod=database
system          >    5: filename=lang-exc.lua filetype=lua foundname=/usr/share/texmf-dist/tex/context/base/mkiv/lang-exc.lua fullname=/usr/share/texmf-dist/tex/context/base/mkiv/lang-exc.lua usedmethod=database
system          >    6: filename=lang-us.lua filetype=lua foundname=/usr/share/texmf-dist/tex/context/patterns/mkiv/lang-us.lua fullname=/usr/share/texmf-dist/tex/context/patterns/mkiv/lang-us.lua usedmethod=database
system          >    7: filename=/home/niklas/git/lecture_notes/prd_unterricht.tex foundname=/home/niklas/git/lecture_notes/prd_unterricht.tex fullname=/home/niklas/git/lecture_notes/prd_unterricht.tex usedmethod=direct
system          >    8: filename=lm.lfg filetype=tex foundname=/usr/share/texmf-dist/tex/context/fonts/mkiv/lm.lfg fullname=/usr/share/texmf-dist/tex/context/fonts/mkiv/lm.lfg usedmethod=database
system          >    9: filename=lmroman12-regular filetype=otf format=otf foundname=/usr/share/texmf-dist/fonts/opentype/public/lm/lmroman12-regular.otf fullname=/usr/share/texmf-dist/fonts/opentype/public/lm/lmroman12-regular.otf usedmethod=database
system          >   10: filename=latinmodern-math.otf filetype=otf format=otf foundname=/usr/share/texmf-dist/fonts/opentype/public/lm-math/latinmodern-math.otf fullname=/usr/share/texmf-dist/fonts/opentype/public/lm-math/latinmodern-math.otf usedmethod=database
system          >   11: filename=modern-math.lfg filetype=tex foundname=/usr/share/texmf-dist/tex/context/fonts/mkiv/modern-math.lfg fullname=/usr/share/texmf-dist/tex/context/fonts/mkiv/modern-math.lfg usedmethod=database
system          >   12: filename=common-math.lfg filetype=tex foundname=/usr/share/texmf-dist/tex/context/fonts/mkiv/common-math.lfg fullname=/usr/share/texmf-dist/tex/context/fonts/mkiv/common-math.lfg usedmethod=database
system          >   13: filename=project_school.tex foundname=project_school.tex fullname=/home/niklas/git/lecture_notes/project_school.tex usedmethod=direct
system          >   14: filename=env_00_document.tex foundname=env_00_document.tex fullname=/home/niklas/git/lecture_notes/env_00_document.tex usedmethod=direct
system          >   15: filename=env_01_farben.tex foundname=env_01_farben.tex fullname=/home/niklas/git/lecture_notes/env_01_farben.tex usedmethod=direct
system          >   16: filename=env_02_layout.tex foundname=env_02_layout.tex fullname=/home/niklas/git/lecture_notes/env_02_layout.tex usedmethod=direct
system          >   17: filename=env_03_header_footer_numbers.tex foundname=env_03_header_footer_numbers.tex fullname=/home/niklas/git/lecture_notes/env_03_header_footer_numbers.tex usedmethod=direct
system          >   18: filename=env_05_heading_toc_ref.tex foundname=env_05_heading_toc_ref.tex fullname=/home/niklas/git/lecture_notes/env_05_heading_toc_ref.tex usedmethod=direct
system          >   19: filename=env_06_figures_tables.tex foundname=env_06_figures_tables.tex fullname=/home/niklas/git/lecture_notes/env_06_figures_tables.tex usedmethod=direct
system          >   20: filename=env_07_rahmen.tex foundname=env_07_rahmen.tex fullname=/home/niklas/git/lecture_notes/env_07_rahmen.tex usedmethod=direct
system          >   21: filename=env_08_graphics.tex foundname=env_08_graphics.tex fullname=/home/niklas/git/lecture_notes/env_08_graphics.tex usedmethod=direct
system          >   22: filename=env_09_markdown.tex foundname=env_09_markdown.tex fullname=/home/niklas/git/lecture_notes/env_09_markdown.tex usedmethod=direct
system          >   23: filename=t-filter.mkiv filetype=tex foundname=/usr/share/texmf-dist/tex/context/third/filter/t-filter.mkiv fullname=/usr/share/texmf-dist/tex/context/third/filter/t-filter.mkiv usedmethod=database
system          >   24: filename=t-module-catcodes.mkiv filetype=tex foundname=/usr/share/texmf-dist/tex/context/third/filter/t-module-catcodes.mkiv fullname=/usr/share/texmf-dist/tex/context/third/filter/t-module-catcodes.mkiv usedmethod=database
system          >   25: filename=lmroman10-bold filetype=otf format=otf foundname=/usr/share/texmf-dist/fonts/opentype/public/lm/lmroman10-bold.otf fullname=/usr/share/texmf-dist/fonts/opentype/public/lm/lmroman10-bold.otf usedmethod=database
system          >   26: filename=lmroman10-regular filetype=otf format=otf foundname=/usr/share/texmf-dist/fonts/opentype/public/lm/lmroman10-regular.otf fullname=/usr/share/texmf-dist/fonts/opentype/public/lm/lmroman10-regular.otf usedmethod=database
system          >   27: filename=lmsans10-regular filetype=otf format=otf foundname=/usr/share/texmf-dist/fonts/opentype/public/lm/lmsans10-regular.otf fullname=/usr/share/texmf-dist/fonts/opentype/public/lm/lmsans10-regular.otf usedmethod=database
system          >   28: filename=lmsans10-bold filetype=otf format=otf foundname=/usr/share/texmf-dist/fonts/opentype/public/lm/lmsans10-bold.otf fullname=/usr/share/texmf-dist/fonts/opentype/public/lm/lmsans10-bold.otf usedmethod=database
system          >   29: filename=lpdf-pdx.xml filetype=tex foundname=/usr/share/texmf-dist/tex/context/base/mkiv/lpdf-pdx.xml fullname=/usr/share/texmf-dist/tex/context/base/mkiv/lpdf-pdx.xml usedmethod=database
system          >   30: filename=lmroman12-bold filetype=otf format=otf foundname=/usr/share/texmf-dist/fonts/opentype/public/lm/lmroman12-bold.otf fullname=/usr/share/texmf-dist/fonts/opentype/public/lm/lmroman12-bold.otf usedmethod=database
system          >   31: filename=how_to/unterricht/01_markdown_syntax.md foundname=how_to/unterricht/01_markdown_syntax.md fullname=/home/niklas/git/lecture_notes/how_to/unterricht/01_markdown_syntax.md usedmethod=direct
system          >   32: filename=.output_pandoc/01_markdown_syntax-md.tex foundname=.output_pandoc/01_markdown_syntax-md.tex fullname=/home/niklas/git/lecture_notes/.output_pandoc/01_markdown_syntax-md.tex usedmethod=direct
system          >   33: filename=lmsans12-regular filetype=otf format=otf foundname=/usr/share/texmf-dist/fonts/opentype/public/lm/lmsans12-regular.otf fullname=/usr/share/texmf-dist/fonts/opentype/public/lm/lmsans12-regular.otf usedmethod=database
system          >   34: filename=lmmono12-regular filetype=otf format=otf foundname=/usr/share/texmf-dist/fonts/opentype/public/lm/lmmono12-regular.otf fullname=/usr/share/texmf-dist/fonts/opentype/public/lm/lmmono12-regular.otf usedmethod=database
system          >   35: filename=lmromanslant12-regular filetype=otf format=otf foundname=/usr/share/texmf-dist/fonts/opentype/public/lm/lmromanslant12-regular.otf fullname=/usr/share/texmf-dist/fonts/opentype/public/lm/lmromanslant12-regular.otf usedmethod=database
system          >   36: filename=lmmono8-regular filetype=otf format=otf foundname=/usr/share/texmf-dist/fonts/opentype/public/lm/lmmono8-regular.otf fullname=/usr/share/texmf-dist/fonts/opentype/public/lm/lmmono8-regular.otf usedmethod=database
system          >   37: filename=lmroman8-regular filetype=otf format=otf foundname=/usr/share/texmf-dist/fonts/opentype/public/lm/lmroman8-regular.otf fullname=/usr/share/texmf-dist/fonts/opentype/public/lm/lmroman8-regular.otf usedmethod=database
system          >   38: filename=lmmono10-regular filetype=otf format=otf foundname=/usr/share/texmf-dist/fonts/opentype/public/lm/lmmono10-regular.otf fullname=/usr/share/texmf-dist/fonts/opentype/public/lm/lmmono10-regular.otf usedmethod=database
system          >   39: filename=how_to/unterricht/02_test_nr_2.md foundname=how_to/unterricht/02_test_nr_2.md fullname=/home/niklas/git/lecture_notes/how_to/unterricht/02_test_nr_2.md usedmethod=direct
system          >   40: filename=.output_pandoc/02_test_nr_2-md.tex foundname=.output_pandoc/02_test_nr_2-md.tex fullname=/home/niklas/git/lecture_notes/.output_pandoc/02_test_nr_2-md.tex usedmethod=direct

system          > stop used files


system          > start commandline options

system          > currentrun="2"
system          > fulljobname="./prd_unterricht.tex"
system          > input="./prd_unterricht.tex"
system          > kindofrun="2"
system          > maxnofruns="9"
system          > mode="how_to"
system          > result="how_unterricht"
system          > texmfbinpath="/usr/bin"

system          > stop commandline options


system          > start commandline files

system          >    1: ./prd_unterricht.tex

system          > stop commandline files


modules         > start used modules

modules         > loaded : *-filter
modules         > loaded : *-module-catcodes

modules         > stop used modules


mkiv lua stats  > used config file: selfautodir:/share/texmf-dist/web2c/texmfcnf.lua
mkiv lua stats  > used cache path: /home/niklas/.texlive2023/texmf-var/luatex-cache/context/0399a8df3aef8d154781d0a9c2b8e28d
mkiv lua stats  > resource resolver: loadtime 0.061 seconds, 1 scans with scantime 0.059 seconds, 0 shared scans, 40 found files, scanned paths: /usr/share/texmf-dist
mkiv lua stats  > stored bytecode data: 458 modules (0.201 sec), 97 tables (0.009 sec), 555 chunks (0.211 sec)
mkiv lua stats  > traced context: maxstack: 1437, freed: 3, unreachable: 1434
mkiv lua stats  > cleaned up reserved nodes: 62 nodes, 9 lists of 442
mkiv lua stats  > node memory usage: 28 attribute, 7 attribute_list, 4 glue, 54 glue_spec, 3 kern, 2 penalty, 2 temp, 2 user_defined
mkiv lua stats  > node list callback tasks: 8 unique task lists, 10 instances (re)created, 1098 calls
mkiv lua stats  > used backend: pdf (backend for directly generating pdf output)
mkiv lua stats  > jobdata time: 0.002 seconds saving, 0.001 seconds loading
mkiv lua stats  > callbacks: internal: 2422, file: 1724, direct: 13, late: 39, function 1688, total: 5886 (981 per page)
mkiv lua stats  > randomizer: resumed with value 0.89358842838556
mkiv lua stats  > loaded tex modules: 2 requested, all found (*-filter *-module-catcodes)
mkiv lua stats  > result saved in file: how_unterricht.pdf, compresslevel 3, objectcompresslevel 1
mkiv lua stats  > loaded patterns: en::1, load time: 0.000
mkiv lua stats  > interactive elements: 11 references, 15 destinations
mkiv lua stats  > loaded fonts: 13 files: latinmodern-math.otf, lmmono10-regular.otf, lmmono12-regular.otf, lmmono8-regular.otf, lmroman10-bold.otf, lmroman10-regular.otf, lmroman12-bold.otf, lmroman12-regular.otf, lmroman8-regular.otf, lmromanslant12-regular.otf, lmsans10-bold.otf, lmsans10-regular.otf, lmsans12-regular.otf
mkiv lua stats  > font engine: otf 3.133, afm 1.513, tfm 1.000, 29 instances, 14 shared in backend, 3 common vectors, 11 common hashes, load time 0.335 seconds 
mkiv lua stats  > graphics processing time: 0.009 seconds including tex, 1 processed images, 1 unique asked, 0 bad names
mkiv lua stats  > pdf annotations: 11 links (11 unique), 0 special
mkiv lua stats  > used platform: linux-64, type: unix, binary subtree: usr
mkiv lua stats  > used engine: luatex version: 1.16, functionality level: 7567, banner: this is luatex, version 1.16.0 (tex live 2023 gentoo linux)
mkiv lua stats  > used hash slots: 48053 of 65536 + 250000
mkiv lua stats  > lua properties: engine: lua 5.3, used memory: 129 MB, ctx: 129 MB, max: unknown MB, hash chars: min(64,40), symbol mask: utf (τεχ)
mkiv lua stats  > runtime: 1.002 seconds, 6 processed pages, 6 shipped pages, 5.988 pages/second

