open source     > level 1, order 1, name '/usr/share/texmf-dist/tex/context/base/mkiv/cont-yes.mkiv'
system          > 
system          > ConTeXt  ver: 2023.05.05 18:36 MKIV  fmt: 2024.8.11  int: english/english
system          > 
system          > 'cont-new.mkiv' loaded
open source     > level 2, order 2, name '/usr/share/texmf-dist/tex/context/base/mkiv/cont-new.mkiv'
system          > beware: some patches loaded from cont-new.mkiv
close source    > level 2, order 2, name '/usr/share/texmf-dist/tex/context/base/mkiv/cont-new.mkiv'
system          > 'cont-sys.mkiv' loaded
open source     > level 2, order 3, name '/usr/share/texmf-dist/tex/context/texlive/cont-sys.mkiv'
close source    > level 2, order 3, name '/usr/share/texmf-dist/tex/context/texlive/cont-sys.mkiv'
system          > files > jobname 'informatik-unterricht', input './prd_unterricht', result 'informatik-unterricht'
fonts           > latin modern fonts are not preloaded
languages       > language 'en' is active
open source     > level 2, order 4, name '/home/niklas/git/lecture_notes/prd_unterricht.tex'
fonts           > preloading latin modern fonts (second stage)
fonts           > 'fallback modern-designsize rm 12pt' is loaded
open source     > level 3, order 5, name 'project_school.tex'
open source     > level 4, order 6, name 'env_school.tex'
close source    > level 4, order 6, name 'env_school.tex'
open source     > level 4, order 7, name 'env_markdown.tex'
modules         > 'filter' is loaded
open source     > level 5, order 8, name '/usr/share/texmf-dist/tex/context/third/filter/t-filter.mkiv'
loading         > Filter (ver: 2021.10.15)
modules         > 'module-catcodes' is loaded
open source     > level 6, order 9, name '/usr/share/texmf-dist/tex/context/third/filter/t-module-catcodes.mkiv'
loading         > Module Catcodes (ver: 2018.04.16)
close source    > level 6, order 9, name '/usr/share/texmf-dist/tex/context/third/filter/t-module-catcodes.mkiv'
close source    > level 5, order 9, name '/usr/share/texmf-dist/tex/context/third/filter/t-filter.mkiv'
close source    > level 4, order 9, name 'env_markdown.tex'
close source    > level 3, order 9, name 'project_school.tex'
open source     > level 3, order 10, name 'env_document.tex'
setup           > error in line 30, namespace 'interactionscreen', key 'nomenubar'
close source    > level 3, order 10, name 'env_document.tex'
structures      > begin of sectionblock 'frontpart'
backend         > xmp > using file '/usr/share/texmf-dist/tex/context/base/mkiv/lpdf-pdx.xml'
pages           > flushing realpage 1, userpage 1, subpage 1
structure       > sectioning > title @ level 2 : 0.0 -> \headtext {content}
structures      > end of sectionblock 'frontpart'
pages           > flushing realpage 2, userpage 2, subpage 2
structures      > begin of sectionblock 'bodypart'
open source     > level 3, order 11, name '.output_pandoc/2024-05-31--11-45-17-log-md.tex'
structure       > sectioning > chapter @ level 2 : 0.1 -> LOG
close source    > level 3, order 11, name '.output_pandoc/2024-05-31--11-45-17-log-md.tex'
open source     > level 3, order 12, name '.output_pandoc/2024-06-06--14-14-08-snackautomat-pres-md.tex'
pages           > flushing realpage 3, userpage 3, subpage 3
structure       > sectioning > chapter @ level 2 : 0.2 -> Snackautomat
pages           > flushing realpage 4, userpage 4, subpage 4
structure       > sectioning > chapter @ level 2 : 0.3 -> 2024-06-06 Snackautomat
structure       > sectioning > section @ level 3 : 0.3.1 -> Produkte
floatblocks     > '1' placed (here)
structure       > sectioning > section @ level 3 : 0.3.2 -> Automat
structure       > sectioning > subsection @ level 4 : 0.3.2.1 -> Zustände und Startzustand
structure       > sectioning > subsection @ level 4 : 0.3.2.2 -> Eingabe
structure       > sectioning > subsection @ level 4 : 0.3.2.3 -> Ausgabe
pages           > flushing realpage 5, userpage 5, subpage 5
structure       > sectioning > subsection @ level 4 : 0.3.2.4 -> Übergangsfunktionen
floatblocks     > '2' placed (here)
structure       > sectioning > subsection @ level 4 : 0.3.2.5 -> Ausgabefunktionen
floatblocks     > '3' placed (here)
close source    > level 3, order 12, name '.output_pandoc/2024-06-06--14-14-08-snackautomat-pres-md.tex'
open source     > level 3, order 13, name '.output_pandoc/2024-06-03--12-32-59-project-automat-snack-md.tex'
pages           > flushing realpage 6, userpage 6, subpage 6
structure       > sectioning > chapter @ level 2 : 0.4 -> Projekt: Snackautomat
pages           > flushing realpage 7, userpage 7, subpage 7
structure       > sectioning > chapter @ level 2 : 0.5 -> Projekt: Snackautomat
structure       > sectioning > section @ level 3 : 0.5.1 -> Snackautomat
structure       > sectioning > section @ level 3 : 0.5.2 -> Welcher Automat
structure       > sectioning > section @ level 3 : 0.5.3 -> Ablauf
structure       > sectioning > section @ level 3 : 0.5.4 -> Produkte
floatblocks     > '4' placed (here)
structure       > sectioning > section @ level 3 : 0.5.5 -> Automat
pages           > flushing realpage 8, userpage 8, subpage 8
floatblocks     > '5' placed (here)
floatblocks     > 1 saved
close source    > level 3, order 13, name '.output_pandoc/2024-06-03--12-32-59-project-automat-snack-md.tex'
structures      > end of sectionblock 'bodypart'
floatblocks     > 1 moved
pages           > flushing realpage 9, userpage 9, subpage 9
pages           > flushing realpage 10, userpage 10, subpage 10
close source    > level 2, order 13, name '/home/niklas/git/lecture_notes/prd_unterricht.tex'
close source    > level 1, order 13, name '/usr/share/texmf-dist/tex/context/base/mkiv/cont-yes.mkiv'

system          > start used files

system          > text: prd_unterricht
system          >   product: prd_unterricht
system          >     project: project_school
system          >       environment: env_school
system          >       environment: env_markdown
system          >     environment: env_document

system          > stop used files


system          > start used files

system          >    1: filename=cont-yes.mkiv filetype=tex foundname=/usr/share/texmf-dist/tex/context/base/mkiv/cont-yes.mkiv fullname=/usr/share/texmf-dist/tex/context/base/mkiv/cont-yes.mkiv usedmethod=otherwise
system          >    2: filename=publ-imp-default.lua filetype=scripts foundname=/usr/share/texmf-dist/tex/context/base/mkiv/publ-imp-default.lua fullname=/usr/share/texmf-dist/tex/context/base/mkiv/publ-imp-default.lua usedmethod=otherwise
system          >    3: filename=cont-new.mkiv filetype=tex foundname=/usr/share/texmf-dist/tex/context/base/mkiv/cont-new.mkiv fullname=/usr/share/texmf-dist/tex/context/base/mkiv/cont-new.mkiv usedmethod=otherwise
system          >    4: filename=cont-sys.mkiv filetype=tex foundname=/usr/share/texmf-dist/tex/context/texlive/cont-sys.mkiv fullname=/usr/share/texmf-dist/tex/context/texlive/cont-sys.mkiv usedmethod=otherwise
system          >    5: filename=lang-exc.lua filetype=scripts foundname=/usr/share/texmf-dist/tex/context/base/mkiv/lang-exc.lua fullname=/usr/share/texmf-dist/tex/context/base/mkiv/lang-exc.lua usedmethod=otherwise
system          >    6: filename=lang-us.lua filetype=scripts foundname=/usr/share/texmf-dist/tex/context/patterns/mkiv/lang-us.lua fullname=/usr/share/texmf-dist/tex/context/patterns/mkiv/lang-us.lua usedmethod=otherwise
system          >    7: filename=/home/niklas/git/lecture_notes/prd_unterricht.tex foundname=/home/niklas/git/lecture_notes/prd_unterricht.tex fullname=/home/niklas/git/lecture_notes/prd_unterricht.tex usedmethod=direct
system          >    8: filename=lm.lfg filetype=tex foundname=/usr/share/texmf-dist/tex/context/fonts/mkiv/lm.lfg fullname=/usr/share/texmf-dist/tex/context/fonts/mkiv/lm.lfg usedmethod=otherwise
system          >    9: filename=lmroman12-regular filetype=otf format=otf foundname=/usr/share/texmf-dist/fonts/opentype/public/lm/lmroman12-regular.otf fullname=/usr/share/texmf-dist/fonts/opentype/public/lm/lmroman12-regular.otf usedmethod=otherwise
system          >   10: filename=latinmodern-math.otf filetype=otf format=otf foundname=/usr/share/texmf-dist/fonts/opentype/public/lm-math/latinmodern-math.otf fullname=/usr/share/texmf-dist/fonts/opentype/public/lm-math/latinmodern-math.otf usedmethod=otherwise
system          >   11: filename=modern-math.lfg filetype=tex foundname=/usr/share/texmf-dist/tex/context/fonts/mkiv/modern-math.lfg fullname=/usr/share/texmf-dist/tex/context/fonts/mkiv/modern-math.lfg usedmethod=otherwise
system          >   12: filename=common-math.lfg filetype=tex foundname=/usr/share/texmf-dist/tex/context/fonts/mkiv/common-math.lfg fullname=/usr/share/texmf-dist/tex/context/fonts/mkiv/common-math.lfg usedmethod=otherwise
system          >   13: filename=project_school.tex foundname=project_school.tex fullname=/home/niklas/git/lecture_notes/project_school.tex usedmethod=direct
system          >   14: filename=env_school.tex foundname=env_school.tex fullname=/home/niklas/git/lecture_notes/env_school.tex usedmethod=direct
system          >   15: filename=lmsans10-regular filetype=otf format=otf foundname=/usr/share/texmf-dist/fonts/opentype/public/lm/lmsans10-regular.otf fullname=/usr/share/texmf-dist/fonts/opentype/public/lm/lmsans10-regular.otf usedmethod=otherwise
system          >   16: filename=env_markdown.tex foundname=env_markdown.tex fullname=/home/niklas/git/lecture_notes/env_markdown.tex usedmethod=direct
system          >   17: filename=t-filter.mkiv filetype=tex foundname=/usr/share/texmf-dist/tex/context/third/filter/t-filter.mkiv fullname=/usr/share/texmf-dist/tex/context/third/filter/t-filter.mkiv usedmethod=otherwise
system          >   18: filename=t-module-catcodes.mkiv filetype=tex foundname=/usr/share/texmf-dist/tex/context/third/filter/t-module-catcodes.mkiv fullname=/usr/share/texmf-dist/tex/context/third/filter/t-module-catcodes.mkiv usedmethod=otherwise
system          >   19: filename=env_document.tex foundname=env_document.tex fullname=/home/niklas/git/lecture_notes/env_document.tex usedmethod=direct
system          >   20: filename=lmroman10-bold filetype=otf format=otf foundname=/usr/share/texmf-dist/fonts/opentype/public/lm/lmroman10-bold.otf fullname=/usr/share/texmf-dist/fonts/opentype/public/lm/lmroman10-bold.otf usedmethod=otherwise
system          >   21: filename=lmroman10-regular filetype=otf format=otf foundname=/usr/share/texmf-dist/fonts/opentype/public/lm/lmroman10-regular.otf fullname=/usr/share/texmf-dist/fonts/opentype/public/lm/lmroman10-regular.otf usedmethod=otherwise
system          >   22: filename=lpdf-pdx.xml filetype=tex foundname=/usr/share/texmf-dist/tex/context/base/mkiv/lpdf-pdx.xml fullname=/usr/share/texmf-dist/tex/context/base/mkiv/lpdf-pdx.xml usedmethod=otherwise
system          >   23: filename=lmsans10-bold filetype=otf format=otf foundname=/usr/share/texmf-dist/fonts/opentype/public/lm/lmsans10-bold.otf fullname=/usr/share/texmf-dist/fonts/opentype/public/lm/lmsans10-bold.otf usedmethod=otherwise
system          >   24: filename=informatik/unterricht/2024-05-31--11-45-17-log.md foundname=informatik/unterricht/2024-05-31--11-45-17-log.md fullname=/home/niklas/git/lecture_notes/informatik/unterricht/2024-05-31--11-45-17-log.md usedmethod=direct
system          >   25: filename=.output_pandoc/2024-05-31--11-45-17-log-md.tex foundname=.output_pandoc/2024-05-31--11-45-17-log-md.tex fullname=/home/niklas/git/lecture_notes/.output_pandoc/2024-05-31--11-45-17-log-md.tex usedmethod=direct
system          >   26: filename=informatik/unterricht/2024-06-06--14-14-08-snackautomat-pres.md foundname=informatik/unterricht/2024-06-06--14-14-08-snackautomat-pres.md fullname=/home/niklas/git/lecture_notes/informatik/unterricht/2024-06-06--14-14-08-snackautomat-pres.md usedmethod=direct
system          >   27: filename=.output_pandoc/2024-06-06--14-14-08-snackautomat-pres-md.tex foundname=.output_pandoc/2024-06-06--14-14-08-snackautomat-pres-md.tex fullname=/home/niklas/git/lecture_notes/.output_pandoc/2024-06-06--14-14-08-snackautomat-pres-md.tex usedmethod=direct
system          >   28: filename=informatik/unterricht/2024-06-03--12-32-59-project-automat-snack.md foundname=informatik/unterricht/2024-06-03--12-32-59-project-automat-snack.md fullname=/home/niklas/git/lecture_notes/informatik/unterricht/2024-06-03--12-32-59-project-automat-snack.md usedmethod=direct
system          >   29: filename=.output_pandoc/2024-06-03--12-32-59-project-automat-snack-md.tex foundname=.output_pandoc/2024-06-03--12-32-59-project-automat-snack-md.tex fullname=/home/niklas/git/lecture_notes/.output_pandoc/2024-06-03--12-32-59-project-automat-snack-md.tex usedmethod=direct

system          > stop used files


system          > start commandline options

system          > currentrun="1"
system          > fulljobname="./prd_unterricht.tex"
system          > input="./prd_unterricht.tex"
system          > jobname="informatik-unterricht"
system          > kindofrun="1"
system          > maxnofruns="9"
system          > mode="informatik"
system          > result="informatik-unterricht"
system          > texmfbinpath="/usr/bin"

system          > stop commandline options


system          > start commandline files

system          >    1: ./prd_unterricht.tex

system          > stop commandline files


modules         > start used modules

modules         > loaded : *-filter
modules         > loaded : *-module-catcodes

modules         > stop used modules


mkiv lua stats  > used config file: selfautodir:/share/texmf-dist/web2c/texmfcnf.lua
mkiv lua stats  > used cache path: /home/niklas/.texlive2023/texmf-var/luatex-cache/context/0399a8df3aef8d154781d0a9c2b8e28d
mkiv lua stats  > resource resolver: loadtime 0.067 seconds, 2 scans with scantime 0.065 seconds, 0 shared scans, 29 found files, scanned paths: /home/niklas/texmf /usr/share/texmf-dist
mkiv lua stats  > stored bytecode data: 458 modules (0.242 sec), 97 tables (0.010 sec), 555 chunks (0.252 sec)
mkiv lua stats  > traced context: maxstack: 1437, freed: 3, unreachable: 1434
mkiv lua stats  > cleaned up reserved nodes: 58 nodes, 9 lists of 442
mkiv lua stats  > node memory usage: 23 attribute, 6 attribute_list, 3 glue, 52 glue_spec, 3 kern, 3 penalty, 2 temp, 2 user_defined
mkiv lua stats  > node list callback tasks: 8 unique task lists, 9 instances (re)created, 4456 calls
mkiv lua stats  > h-node processing time: 0.016 seconds including kernel
mkiv lua stats  > driver time: 0.010 seconds 
mkiv lua stats  > used backend: pdf (backend for directly generating pdf output)
mkiv lua stats  > jobdata time: 0.004 seconds saving, 0.001 seconds loading
mkiv lua stats  > callbacks: internal: 7322, file: 2811, direct: 12, late: 56, function 3886, total: 14087 (1409 per page)
mkiv lua stats  > randomizer: resumed with value 0.096884349361062
mkiv lua stats  > v-node processing time: 0.012 seconds 
mkiv lua stats  > loaded tex modules: 2 requested, all found (*-filter *-module-catcodes)
mkiv lua stats  > result saved in file: informatik-unterricht.pdf, compresslevel 3, objectcompresslevel 1
mkiv lua stats  > loaded patterns: en::1, load time: 0.000
mkiv lua stats  > interactive elements: 17 references, 18 destinations
mkiv lua stats  > loaded fonts: 6 files: latinmodern-math.otf, lmroman10-bold.otf, lmroman10-regular.otf, lmroman12-regular.otf, lmsans10-bold.otf, lmsans10-regular.otf
mkiv lua stats  > font engine: otf 3.133, afm 1.513, tfm 1.000, 19 instances, 11 shared in backend, 3 common vectors, 8 common hashes, load time 0.296 seconds 
mkiv lua stats  > math processing time: 0.019 seconds 
mkiv lua stats  > pdf annotations: 17 links (17 unique), 0 special
mkiv lua stats  > used platform: linux-64, type: unix, binary subtree: usr
mkiv lua stats  > used engine: luatex version: 1.16, functionality level: 7567, banner: this is luatex, version 1.16.0 (tex live 2023 gentoo linux)
mkiv lua stats  > used hash slots: 47847 of 65536 + 250000
mkiv lua stats  > lua properties: engine: lua 5.3, used memory: 121 MB, ctx: 121 MB, max: unknown MB, hash chars: min(64,40), symbol mask: utf (τεχ)
mkiv lua stats  > runtime: 1.193 seconds, 10 processed pages, 10 shipped pages, 8.382 pages/second

