open source     > level 1, order 1, name '/usr/share/texmf-dist/tex/context/base/mkiv/cont-yes.mkiv'
system          > 
system          > ConTeXt  ver: 2023.05.05 18:36 MKIV  fmt: 2024.8.11  int: english/english
system          > 
system          > 'cont-new.mkiv' loaded
open source     > level 2, order 2, name '/usr/share/texmf-dist/tex/context/base/mkiv/cont-new.mkiv'
system          > beware: some patches loaded from cont-new.mkiv
close source    > level 2, order 2, name '/usr/share/texmf-dist/tex/context/base/mkiv/cont-new.mkiv'
system          > 'cont-sys.mkiv' loaded
open source     > level 2, order 3, name '/usr/share/texmf-dist/tex/context/texlive/cont-sys.mkiv'
close source    > level 2, order 3, name '/usr/share/texmf-dist/tex/context/texlive/cont-sys.mkiv'
system          > files > jobname 'mathe-unterricht', input './prd_unterricht', result 'mathe-unterricht'
fonts           > latin modern fonts are not preloaded
languages       > language 'en' is active
open source     > level 2, order 4, name '/home/niklas/git/lecture_notes/prd_unterricht.tex'
fonts           > preloading latin modern fonts (second stage)
fonts           > 'fallback modern-designsize rm 12pt' is loaded
open source     > level 3, order 5, name 'project_school.tex'
open source     > level 4, order 6, name 'env_school.tex'
close source    > level 4, order 6, name 'env_school.tex'
open source     > level 4, order 7, name 'env_markdown.tex'
modules         > 'filter' is loaded
open source     > level 5, order 8, name '/usr/share/texmf-dist/tex/context/third/filter/t-filter.mkiv'
loading         > Filter (ver: 2021.10.15)
modules         > 'module-catcodes' is loaded
open source     > level 6, order 9, name '/usr/share/texmf-dist/tex/context/third/filter/t-module-catcodes.mkiv'
loading         > Module Catcodes (ver: 2018.04.16)
close source    > level 6, order 9, name '/usr/share/texmf-dist/tex/context/third/filter/t-module-catcodes.mkiv'
close source    > level 5, order 9, name '/usr/share/texmf-dist/tex/context/third/filter/t-filter.mkiv'
close source    > level 4, order 9, name 'env_markdown.tex'
close source    > level 3, order 9, name 'project_school.tex'
open source     > level 3, order 10, name 'env_document.tex'
setup           > error in line 30, namespace 'interactionscreen', key 'nomenubar'
close source    > level 3, order 10, name 'env_document.tex'
structures      > begin of sectionblock 'frontpart'
backend         > xmp > using file '/usr/share/texmf-dist/tex/context/base/mkiv/lpdf-pdx.xml'
pages           > flushing realpage 1, userpage 1, subpage 1
structure       > sectioning > title @ level 2 : 0.0 -> \headtext {content}
structures      > end of sectionblock 'frontpart'
pages           > flushing realpage 2, userpage 2, subpage 2
structures      > begin of sectionblock 'bodypart'
open source     > level 3, order 11, name '.output_pandoc/2024-06-05--14-14-01-fleet-ebenen-veranschaulichen-md.tex'
structure       > sectioning > chapter @ level 2 : 0.1 -> Ebenen veranschaulichen
pages           > flushing realpage 3, userpage 3, subpage 3
structure       > sectioning > chapter @ level 2 : 0.2 -> Drei Schnittpunkte
pages           > flushing realpage 4, userpage 4, subpage 4
structure       > sectioning > chapter @ level 2 : 0.3 -> Wenn alle drei Spurpunkte bekannt sind

tex error       > tex error on line 34 in file .output_pandoc/2024-06-05--14-14-01-fleet-ebenen-veranschaulichen-md.tex: ! Undefined control sequence

l.34 S_1=\begin
             {pmatrix}

24     \startsectionlevel[title={Wenn alle drei Spurpunkte bekannt
25     sind},reference={wenn-alle-drei-spurpunkte-bekannt-sind}]
26     
27     \startformula 
28     E: \quad \frac{x_1}{u}+\frac{x_2}{v}+\frac{x_3}{w}=1
29      \stopformula
30     
31     wobei die Spurpunkte wie folgt aussehen:
32     
33     \startformula 
34 >>  S_1=\begin{pmatrix}
35     u\\0\\0
36     \end{pmatrix}\quad 
37     S_2=\begin{pmatrix}
38     0\\v\\0
39     \end{pmatrix}\quad 
40     S_3=\begin{pmatrix}
41     0\\0\\w
42     \end{pmatrix}\quad 
43      \stopformula
44     

