open source     > level 1, order 1, name '/usr/share/texmf-dist/tex/context/base/mkiv/cont-yes.mkiv'
system          > 
system          > ConTeXt  ver: 2023.05.05 18:36 MKIV  fmt: 2024.8.11  int: english/english
system          > 
system          > 'cont-new.mkiv' loaded
open source     > level 2, order 2, name '/usr/share/texmf-dist/tex/context/base/mkiv/cont-new.mkiv'
system          > beware: some patches loaded from cont-new.mkiv
close source    > level 2, order 2, name '/usr/share/texmf-dist/tex/context/base/mkiv/cont-new.mkiv'
system          > 'cont-sys.mkiv' loaded
open source     > level 2, order 3, name '/usr/share/texmf-dist/tex/context/texlive/cont-sys.mkiv'
close source    > level 2, order 3, name '/usr/share/texmf-dist/tex/context/texlive/cont-sys.mkiv'
system          > files > jobname 'physik-unterricht', input './prd_unterricht', result 'physik-unterricht'
fonts           > latin modern fonts are not preloaded
languages       > language 'en' is active
open source     > level 2, order 4, name '/home/niklas/git/lecture_notes/prd_unterricht.tex'
fonts           > preloading latin modern fonts (second stage)
fonts           > 'fallback modern-designsize rm 12pt' is loaded
open source     > level 3, order 5, name 'project_school.tex'
open source     > level 4, order 6, name 'env_school.tex'
close source    > level 4, order 6, name 'env_school.tex'
open source     > level 4, order 7, name 'env_markdown.tex'
modules         > 'filter' is loaded
open source     > level 5, order 8, name '/usr/share/texmf-dist/tex/context/third/filter/t-filter.mkiv'
loading         > Filter (ver: 2021.10.15)
modules         > 'module-catcodes' is loaded
open source     > level 6, order 9, name '/usr/share/texmf-dist/tex/context/third/filter/t-module-catcodes.mkiv'
loading         > Module Catcodes (ver: 2018.04.16)
close source    > level 6, order 9, name '/usr/share/texmf-dist/tex/context/third/filter/t-module-catcodes.mkiv'
close source    > level 5, order 9, name '/usr/share/texmf-dist/tex/context/third/filter/t-filter.mkiv'
close source    > level 4, order 9, name 'env_markdown.tex'
close source    > level 3, order 9, name 'project_school.tex'
open source     > level 3, order 10, name 'env_document.tex'
setup           > error in line 30, namespace 'interactionscreen', key 'nomenubar'
close source    > level 3, order 10, name 'env_document.tex'
structures      > begin of sectionblock 'frontpart'
backend         > xmp > using file '/usr/share/texmf-dist/tex/context/base/mkiv/lpdf-pdx.xml'
pages           > flushing realpage 1, userpage 1, subpage 1
structure       > sectioning > title @ level 2 : 0.0 -> \headtext {content}
structures      > end of sectionblock 'frontpart'
pages           > flushing realpage 2, userpage 2, subpage 2
structures      > begin of sectionblock 'bodypart'
open source     > level 3, order 11, name '.output_pandoc/2024-06-04--08-37-37-log-md.tex'
structure       > sectioning > chapter @ level 2 : 0.1 -> Physik LOG
pages           > flushing realpage 3, userpage 3, subpage 3
structure       > sectioning > chapter @ level 2 : 0.2 -> Bearbeitungen
close source    > level 3, order 11, name '.output_pandoc/2024-06-04--08-37-37-log-md.tex'
open source     > level 3, order 12, name '.output_pandoc/202433180833-übungsaufgaben-md.tex'
pages           > flushing realpage 4, userpage 4, subpage 4
structure       > sectioning > chapter @ level 2 : 0.3 -> Übungsaufgaben
close source    > level 3, order 12, name '.output_pandoc/202433180833-übungsaufgaben-md.tex'
open source     > level 3, order 13, name '.output_pandoc/2024-48-06-15-48-intergerenz_gitter-md.tex'
pages           > flushing realpage 5, userpage 5, subpage 5
structure       > sectioning > chapter @ level 2 : 0.4 -> Interferenz Gitter Versuch
pages           > flushing realpage 6, userpage 6, subpage 6
structure       > sectioning > chapter @ level 2 : 0.5 -> Beobachtung
pages           > flushing realpage 7, userpage 7, subpage 7
structure       > sectioning > chapter @ level 2 : 0.6 -> Auswertung
pages           > flushing realpage 8, userpage 8, subpage 8
structure       > sectioning > chapter @ level 2 : 0.7 -> Aufgaben
structure       > sectioning > section @ level 3 : 0.7.1 -> 1.

tex error       > tex error on line 25 in file .output_pandoc/2024-48-06-15-48-intergerenz_gitter-md.tex: ! Undefined control sequence

<recently read> \begin 
       
l.25 \begin
         {aligned}

15     
16     \startsectionlevel[title={Aufgaben},reference={aufgaben}]
17     
18     \startsectionlevel[title={1.},reference={section}]
19     
20     \startblockquote
21     Algemein sind folgende Formeln bekannt:
22     \stopblockquote
23     
24     \startformula 
25 >>  \begin{aligned}
26     \sin{\alpha} = \frac{\lambda}{g} \quad \text{und} \quad \tan{\alpha}=\frac{a}{l}
27     \end{aligned}
28      \stopformula
29     
30     Wobei $\lambda$ die Wellenlaenge ist.
31     
32     \startblockquote
33     Gitter: 500 Spalten pro Millimeter
34     \stopblockquote
35     

