system          > 
system          > ConTeXt  ver: 2024.07.31 19:43 LMTX  fmt: 2024.8.8  int: english/english
system          > 
system          > 'cont-new.mkxl' loaded
open source     > level 1, order 1, name '/Users/niklas/context/tex/texmf-context/tex/context/base/mkxl/cont-new.mkxl'
system          > beware: some patches loaded from cont-new.mkiv
close source    > level 1, order 1, name '/Users/niklas/context/tex/texmf-context/tex/context/base/mkxl/cont-new.mkxl'
system          > files > jobname 'mathe/prd_unterricht', input 'mathe/prd_unterricht.tex', result 'mathe/prd_unterricht'
fonts           > latin modern fonts are not preloaded
languages       > language 'en' is active
open source     > level 1, order 2, name 'mathe/prd_unterricht.tex'
fonts           > preloading latin modern fonts (second stage)
fonts           > 'fallback modern rm 12pt' is loaded
open source     > level 2, order 3, name 'project_school.tex'
open source     > level 3, order 4, name 'env_school.tex'
close source    > level 3, order 4, name 'env_school.tex'
close source    > level 2, order 4, name 'project_school.tex'
pages           > flushing realpage 1, userpage 1, subpage 1
structure       > sectioning > title @ level 2 : 0.0 -> \headtext {content}
open source     > level 2, order 5, name 'mathe/unterricht/c_01.tex'
structure       > sectioning > section @ level 3 : 0.0.1 -> First section
structure       > sectioning > subsection @ level 4 : 0.0.1.1 -> First subsection
structure       > sectioning > subsubsection @ level 5 : 0.0.1.1.1 -> First subsubsection
structure       > sectioning > subsubsubsection @ level 6 : 0.0.1.1.1.1 -> First subsubsubsection
structure       > sectioning > section @ level 3 : 0.0.2 -> Second section
structure       > sectioning > subsection @ level 4 : 0.0.2.1 -> Second subsection
structure       > sectioning > subsubsection @ level 5 : 0.0.2.1.1 -> Second subsubsection
structure       > sectioning > subsubsubsection @ level 6 : 0.0.2.1.1.1 -> Second subsubsubsection
close source    > level 2, order 5, name 'mathe/unterricht/c_01.tex'
pages           > flushing realpage 2, userpage 2, subpage 2
close source    > level 1, order 5, name 'mathe/prd_unterricht.tex'
backend         > xmp > using file '/Users/niklas/context/tex/texmf-context/tex/context/base/mkiv/lpdf-pdx.xml'
system          > start used files
system          > text: prd_unterricht
system          >   product: prd_unterricht
system          >     project: project_school
system          >       environment: env_school
system          >     component: c_01
system          > stop used files
system          > start used files
system          >    1: filename=publ-imp-default.lua filetype=lua foundname=/Users/niklas/context/tex/texmf-context/tex/context/base/mkiv/publ-imp-default.lua fullname=/Users/niklas/context/tex/texmf-context/tex/context/base/mkiv/publ-imp-default.lua usedmethod=database
system          >    2: filename=cont-new.mkxl filetype=tex foundname=/Users/niklas/context/tex/texmf-context/tex/context/base/mkxl/cont-new.mkxl fullname=/Users/niklas/context/tex/texmf-context/tex/context/base/mkxl/cont-new.mkxl usedmethod=database
system          >    3: filename=lang-exc.lua filetype=lua foundname=/Users/niklas/context/tex/texmf-context/tex/context/base/mkiv/lang-exc.lua fullname=/Users/niklas/context/tex/texmf-context/tex/context/base/mkiv/lang-exc.lua usedmethod=database
system          >    4: filename=lang-us.lua filetype=lua foundname=/Users/niklas/context/tex/texmf-context/tex/context/patterns/mkiv/lang-us.lua fullname=/Users/niklas/context/tex/texmf-context/tex/context/patterns/mkiv/lang-us.lua usedmethod=database
system          >    5: filename=mathe/prd_unterricht.tex format=tex foundname=mathe/prd_unterricht.tex fullname=/Users/niklas/projects/context/project/mathe/prd_unterricht.tex usedmethod=direct
system          >    6: filename=lm.lfg filetype=tex foundname=/Users/niklas/context/tex/texmf-context/tex/context/fonts/mkiv/lm.lfg fullname=/Users/niklas/context/tex/texmf-context/tex/context/fonts/mkiv/lm.lfg usedmethod=database
system          >    7: filename=lmroman10-regular filetype=otf format=otf foundname=/Users/niklas/context/tex/texmf/fonts/data/gust/lm/lmroman10-regular.otf fullname=/Users/niklas/context/tex/texmf/fonts/data/gust/lm/lmroman10-regular.otf usedmethod=database
system          >    8: filename=modern-text.lfg filetype=tex foundname=/Users/niklas/context/tex/texmf-context/tex/context/fonts/mkiv/modern-text.lfg fullname=/Users/niklas/context/tex/texmf-context/tex/context/fonts/mkiv/modern-text.lfg usedmethod=database
system          >    9: filename=latinmodern-math.otf filetype=otf format=otf foundname=/Users/niklas/context/tex/texmf/fonts/data/gust/lm/latinmodern-math.otf fullname=/Users/niklas/context/tex/texmf/fonts/data/gust/lm/latinmodern-math.otf usedmethod=database
system          >   10: filename=modern-math.lfg filetype=tex foundname=/Users/niklas/context/tex/texmf-context/tex/context/fonts/mkiv/modern-math.lfg fullname=/Users/niklas/context/tex/texmf-context/tex/context/fonts/mkiv/modern-math.lfg usedmethod=database
system          >   11: filename=common-math.lfg filetype=tex foundname=/Users/niklas/context/tex/texmf-context/tex/context/fonts/mkiv/common-math.lfg fullname=/Users/niklas/context/tex/texmf-context/tex/context/fonts/mkiv/common-math.lfg usedmethod=database
system          >   12: filename=LatinModernMath-Companion.otf filetype=otf format=otf foundname=/Users/niklas/context/tex/texmf/fonts/data/cms/companion/LatinModernMath-Companion.otf fullname=/Users/niklas/context/tex/texmf/fonts/data/cms/companion/LatinModernMath-Companion.otf usedmethod=database
system          >   13: filename=project_school.tex format=tex foundname=project_school.tex fullname=/Users/niklas/projects/context/project/project_school.tex usedmethod=direct
system          >   14: filename=env_school.tex format=tex foundname=env_school.tex fullname=/Users/niklas/projects/context/project/env_school.tex usedmethod=direct
system          >   15: filename=lmsans10-regular filetype=otf format=otf foundname=/Users/niklas/context/tex/texmf/fonts/data/gust/lm/lmsans10-regular.otf fullname=/Users/niklas/context/tex/texmf/fonts/data/gust/lm/lmsans10-regular.otf usedmethod=database
system          >   16: filename=lmroman10-bold filetype=otf format=otf foundname=/Users/niklas/context/tex/texmf/fonts/data/gust/lm/lmroman10-bold.otf fullname=/Users/niklas/context/tex/texmf/fonts/data/gust/lm/lmroman10-bold.otf usedmethod=database
system          >   17: filename=lmsans10-bold filetype=otf format=otf foundname=/Users/niklas/context/tex/texmf/fonts/data/gust/lm/lmsans10-bold.otf fullname=/Users/niklas/context/tex/texmf/fonts/data/gust/lm/lmsans10-bold.otf usedmethod=database
system          >   18: filename=mathe/unterricht/c_01.tex foundname=mathe/unterricht/c_01.tex fullname=/Users/niklas/projects/context/project/mathe/unterricht/c_01.tex usedmethod=direct
system          >   19: filename=lpdf-pdx.xml filetype=tex foundname=/Users/niklas/context/tex/texmf-context/tex/context/base/mkiv/lpdf-pdx.xml fullname=/Users/niklas/context/tex/texmf-context/tex/context/base/mkiv/lpdf-pdx.xml usedmethod=database
system          > stop used files
system          > start commandline options
system          >   currentrun="2"
system          >   fulljobname="mathe/prd_unterricht.tex"
system          >   input="mathe/prd_unterricht.tex"
system          >   kindofrun="2"
system          >   maxnofruns="9"
system          >   texmfbinpath="/Users/niklas/context/tex/texmf-osx-arm64/bin"
system          > stop commandline options
system          > start commandline files
system          >    1: mathe/prd_unterricht.tex
system          > stop commandline files
modules         > start used modules
modules         > stop used modules
system          > 
system          > status after finishing run
system          > 
system          >   -----------------------------------------------------------------------------------------------------------------------------------------------------------------------------------
system          >           string       pool       hash     lookup       node      token     buffer      input       file       nest  parameter       save       font   language       mark     insert
system          >   -----------------------------------------------------------------------------------------------------------------------------------------------------------------------------------
system          >   max    2097152  100000000    2097152    2097152  100000000   10000000  100000000     100000       2000      10000     100000     500000     100000      10000      10000        500
system          >   min     150000   10000000     150000     150000    2000000    2000000    1000000      10000        500       1000      20000     100000        250        250         50         10
system          >   set     500000   10000000     250000     250000   50000000   10000000   10000000     100000       2000      10000     100000     500000     100000        250        250        250
system          >   stp     100000    1000000     100000     100000     500000     500000    1000000      10000        250       1000      10000      10000        250        250         50         25
system          > 
system          >   mem     150000    1002099     150000               2000000    2000000    1000000      10000        500       1000      20000      10000   14962672         96       1200        320
system          >   all    2400000    1002099    2400000              18000000   16000000    1000000     320000      16000      88000      80000     160000   14962672         96      28800      10240
system          > 
system          >   ini    2147465     957031          0      50296          0     557997                                                                                       0                      
system          >   ptr      52238                 10959      52221                597883          0          0          0          0          0          0         43          0         28          9
system          >   top      52239                807109     131074      17353     590275        228         44         10         12         45        199        250        250         50         10
system          >   -----------------------------------------------------------------------------------------------------------------------------------------------------------------------------------
system          > 
system          >   current input type    : initial
system          > 
system          >   approximate memory    : 60753299 (57 MB)
system          > 
system          >   expansion depth       : min: 10000, max: 1000000, set: 10000, top: 9
system          > 
system          >   luabytecode registers : 1025
system          >   luabytecode bytes     : 16416 (0 MB)
system          >   luastate bytes now    : 78171430 (74 MB)
system          >   luastate bytes max    : 78171430 (74 MB)
system          > 
system          >   file callbacks        : 160
system          >   saved callbacks       : 877
system          >   direct callbacks      : 2
system          >   function callbacks    : 903
system          >   value callbacks       : 435
system          >   message callbacks     : 0
system          >   bytecode callbacks    : 630
system          > 
system          >   mp instances          : 0
system          >   mp estimated memory   : 0 (0 MB)
system          >   mp file callbacks     : 0
system          >   mp text callbacks     : 0
system          >   mp script callbacks   : 0
system          >   mp log callbacks      : 0
system          > 
system          >   total callbacks       : 3007
system          >   mp total callbacks    : 0
system          >   backend callbacks     : 0
system          > 
system          >   linebreak par context : normal        32       6 ( 19%)       0 (  0%)       0 (  0%)
system          >   linebreak par context : vbox          10       0 (  0%)       0 (  0%)       0 (  0%)
system          > 
system          >   hyphenation state     : checked         47
system          >   hyphenation state     : hyphenated      22
system          >   hyphenation state     : lists           47
system          >   hyphenation state     : nothing         31
system          >   hyphenation state     : words           32
system          > 
mkiv lua stats  > used config file: selfautoparent:/texmf/web2c/texmfcnf.lua
mkiv lua stats  > used cache path: /Users/niklas/context/tex/texmf-cache/luametatex-cache/context/5fe67e0bfe781ce0dde776fb1556f32e
mkiv lua stats  > resource resolver: loadtime 0.003 seconds, 0 scans with scantime 0.000 seconds, 0 shared scans, 19 found files, scanned paths: <none>
mkiv lua stats  > stored bytecode data: 525 modules (0.100 sec), 105 tables (0.006 sec), 630 chunks (0.106 sec)
mkiv lua stats  > traced context: maxstack: 1789, freed: 3, unreachable: 1786
mkiv lua stats  > cleaned up reserved nodes: 75 nodes, 8 lists of 438
mkiv lua stats  > node memory usage: 9 attribute, 1 glue, 133 gluespec, 1 kern, 655 mathspec, 2 penalty, 2 specification, 2 temp
mkiv lua stats  > node list callback tasks: 16 unique task lists, 10 instances (re)created, 366 calls
mkiv lua stats  > used backend: pdf
mkiv lua stats  > jobdata time: 0.001 seconds saving, 0.000 seconds loading
mkiv lua stats  > callbacks: file: 160, saved: 877, direct: 2, function: 903, value: 435, message: 0, bytecode: 630, late 0, total: 3007 (1504 per page)
mkiv lua stats  > randomizer: resumed with value 0.19983950347828
mkiv lua stats  > loaded patterns: en::1, load time: 0.000
mkiv lua stats  > loaded fonts: 6 files: latinmodernmath-companion.otf, latinmodern-math.otf, lmroman10-bold.otf, lmroman10-regular.otf, lmsans10-bold.otf, lmsans10-regular.otf
mkiv lua stats  > font engine: otf 3.144, afm 1.541, tfm 1.000, 31 instances, 23 shared in backend, 4 common vectors, 19 common hashes, load time 0.184 seconds 
mkiv lua stats  > math tweaking time: 0.083 seconds, 36 math goodie tables
mkiv lua stats  > font embedding time: 0.002 seconds, 4 fonts
mkiv lua stats  > result saved in file: mathe/prd_unterricht.pdf, compresslevel 1, objectcompresslevel 3, 15 streams, 0 uncompressed, 14 compressed, 1 not compressed, threshold 40
mkiv lua stats  > positions: 4 collected, 0 deltas, 0 shared partials, 0 partial entries
mkiv lua stats  > used platform: osx-arm, type: unix, binary subtree: texmf-osx-arm64
mkiv lua stats  > used engine: luametatex version: 2.11.04, functionality level: 20240731, format id: 705, compiler: clang
mkiv lua stats  > tex properties: 807109 hash slots used of 2097152, 52221 control sequences, approximate memory usage: 57 MB
mkiv lua stats  > lua properties: engine: lua 5.5, used memory: 77 MB, ctx: 74 MB, max: 74 MB, symbol mask: utf (τεχ)
mkiv lua stats  > runtime: 0.333 seconds, 2 processed pages, 2 shipped pages, 6.009 pages/second
